<?xml version="1.0" encoding="UTF-8"?>
<TestRun id="669bec97-00ff-4202-8faa-580ed0b2a07e" name="tao@MACHINE 2010-10-07 23:13:37" runUser="machine\tao" xmlns="http://microsoft.com/schemas/VisualStudio/TeamTest/2010">
  <TestSettings name="Local" id="bf1adf85-08e7-4fff-81f7-4b72055c7bcf">
    <Description>These are default test settings for a local test run.</Description>
    <Deployment enabled="false" runDeploymentRoot="tao_MACHINE 2010-10-07 23_13_37">
      <DeploymentItem filename="C:\dev\concordia\spimi\SPIMI\Spimi\bin\Debug\Spimi.exe" />
      <DeploymentItem filename="C:\dev\concordia\spimi\SPIMI\SpimiTests\lib\Moq\Moq.dll" />
    </Deployment>
    <Execution>
      <TestTypeSpecific />
      <AgentRule name="Execution Agents">
      </AgentRule>
    </Execution>
  </TestSettings>
  <Times creation="2010-10-07T23:13:37.4119661-04:00" queuing="2010-10-07T23:13:39.2090689-04:00" start="2010-10-07T23:13:39.3260756-04:00" finish="2010-10-07T23:13:40.0941195-04:00" />
  <ResultSummary outcome="Failed">
    <Counters total="1" executed="1" error="0" failed="1" timeout="0" aborted="0" inconclusive="0" passedButRunAborted="0" notRunnable="0" notExecuted="0" disconnected="0" warning="0" passed="0" completed="0" inProgress="0" pending="0" />
  </ResultSummary>
  <TestDefinitions>
    <UnitTest name="ShouldHandleLargeFilesFromReutersPrettyFast" storage="c:\dev\concordia\spimi\spimi\spimitests\bin\debug\spimitests.dll" id="52ef6d71-d4fd-48b1-e1f8-2305253cac10">
      <Execution id="83a6a476-bcfe-4f4a-8735-5d954afe1cec" />
      <TestMethod codeBase="C:/dev/concordia/spimi/SPIMI/SpimiTests/bin/Debug/SpimiTests.DLL" adapterTypeName="Microsoft.VisualStudio.TestTools.TestTypes.Unit.UnitTestAdapter, Microsoft.VisualStudio.QualityTools.Tips.UnitTest.Adapter, Version=10.0.0.0, Culture=neutral, PublicKeyToken=b03f5f7f11d50a3a" className="Concordia.Spimi.Net.Tests.TokenizerTest, SpimiTests, Version=1.0.0.0, Culture=neutral, PublicKeyToken=153cbfdd2e3353e2" name="ShouldHandleLargeFilesFromReutersPrettyFast" />
    </UnitTest>
  </TestDefinitions>
  <TestLists>
    <TestList name="Results Not in a List" id="8c84fa94-04c1-424b-9868-57a2d4851a1d" />
    <TestList name="All Loaded Results" id="19431567-8539-422a-85d7-44ee4e166bda" />
  </TestLists>
  <TestEntries>
    <TestEntry testId="52ef6d71-d4fd-48b1-e1f8-2305253cac10" executionId="83a6a476-bcfe-4f4a-8735-5d954afe1cec" testListId="8c84fa94-04c1-424b-9868-57a2d4851a1d" />
  </TestEntries>
  <Results>
    <UnitTestResult executionId="83a6a476-bcfe-4f4a-8735-5d954afe1cec" testId="52ef6d71-d4fd-48b1-e1f8-2305253cac10" testName="ShouldHandleLargeFilesFromReutersPrettyFast" computerName="MACHINE" duration="00:00:00.1264501" startTime="2010-10-07T23:13:39.4410821-04:00" endTime="2010-10-07T23:13:40.0161150-04:00" testType="13cdc9d9-ddb5-4fa4-a97d-d965ccfc6d4b" outcome="Failed" testListId="8c84fa94-04c1-424b-9868-57a2d4851a1d" relativeResultsDirectory="83a6a476-bcfe-4f4a-8735-5d954afe1cec">
      <Output>
        <ErrorInfo>
          <Message>Test method Concordia.Spimi.Net.Tests.TokenizerTest.ShouldHandleLargeFilesFromReutersPrettyFast threw exception: 
System.IO.DirectoryNotFoundException: Could not find a part of the path 'C:\dev\concordia\spimi\SPIMI\TestResults\TestData\reuterstest.xml'.</Message>
          <StackTrace>    at System.IO.__Error.WinIOError(Int32 errorCode, String maybeFullPath)
   at System.IO.FileStream.Init(String path, FileMode mode, FileAccess access, Int32 rights, Boolean useRights, FileShare share, Int32 bufferSize, FileOptions options, SECURITY_ATTRIBUTES secAttrs, String msgPath, Boolean bFromProxy, Boolean useLongPath)
   at System.IO.FileStream..ctor(String path, FileMode mode, FileAccess access, FileShare share, Int32 bufferSize, FileOptions options, String msgPath, Boolean bFromProxy)
   at System.IO.FileStream..ctor(String path, FileMode mode)
   at Concordia.Spimi.Net.Tests.TokenizerTest.ShouldHandleLargeFilesFromReutersPrettyFast() in C:\dev\concordia\spimi\SPIMI\SpimiTests\TokenizerTest.cs:line 28
</StackTrace>
        </ErrorInfo>
      </Output>
    </UnitTestResult>
  </Results>
</TestRun>