<?xml version="1.0" encoding="UTF-8"?>
<TestRun id="31713ebf-1b25-456d-81fb-82accaf98797" name="tao@MACHINE 2010-10-07 23:14:51" runUser="machine\tao" xmlns="http://microsoft.com/schemas/VisualStudio/TeamTest/2010">
  <TestSettings name="Local" id="bf1adf85-08e7-4fff-81f7-4b72055c7bcf">
    <Description>These are default test settings for a local test run.</Description>
    <Deployment enabled="false" runDeploymentRoot="tao_MACHINE 2010-10-07 23_14_51">
      <DeploymentItem filename="C:\dev\concordia\spimi\SPIMI\Spimi\bin\Debug\Spimi.exe" />
      <DeploymentItem filename="C:\dev\concordia\spimi\SPIMI\SpimiTests\lib\Moq\Moq.dll" />
    </Deployment>
    <Execution>
      <TestTypeSpecific />
      <AgentRule name="Execution Agents">
      </AgentRule>
    </Execution>
  </TestSettings>
  <Times creation="2010-10-07T23:14:51.2515318-04:00" queuing="2010-10-07T23:14:51.2615324-04:00" start="2010-10-07T23:14:51.2795334-04:00" finish="2010-10-07T23:14:51.7955629-04:00" />
  <ResultSummary outcome="Completed">
    <Counters total="1" executed="1" passed="1" error="0" failed="0" timeout="0" aborted="0" inconclusive="0" passedButRunAborted="0" notRunnable="0" notExecuted="0" disconnected="0" warning="0" completed="0" inProgress="0" pending="0" />
  </ResultSummary>
  <TestDefinitions>
    <UnitTest name="ShouldHandleLargeFilesFromReutersPrettyFast" storage="c:\dev\concordia\spimi\spimi\spimitests\bin\debug\spimitests.dll" id="52ef6d71-d4fd-48b1-e1f8-2305253cac10">
      <Execution id="45a353bb-15c2-409d-a6cd-ef0ba623ddfb" />
      <TestMethod codeBase="C:/dev/concordia/spimi/SPIMI/SpimiTests/bin/Debug/SpimiTests.DLL" adapterTypeName="Microsoft.VisualStudio.TestTools.TestTypes.Unit.UnitTestAdapter, Microsoft.VisualStudio.QualityTools.Tips.UnitTest.Adapter, Version=10.0.0.0, Culture=neutral, PublicKeyToken=b03f5f7f11d50a3a" className="Concordia.Spimi.Net.Tests.TokenizerTest, SpimiTests, Version=1.0.0.0, Culture=neutral, PublicKeyToken=153cbfdd2e3353e2" name="ShouldHandleLargeFilesFromReutersPrettyFast" />
    </UnitTest>
  </TestDefinitions>
  <TestLists>
    <TestList name="Results Not in a List" id="8c84fa94-04c1-424b-9868-57a2d4851a1d" />
    <TestList name="All Loaded Results" id="19431567-8539-422a-85d7-44ee4e166bda" />
  </TestLists>
  <TestEntries>
    <TestEntry testId="52ef6d71-d4fd-48b1-e1f8-2305253cac10" executionId="45a353bb-15c2-409d-a6cd-ef0ba623ddfb" testListId="8c84fa94-04c1-424b-9868-57a2d4851a1d" />
  </TestEntries>
  <Results>
    <UnitTestResult executionId="45a353bb-15c2-409d-a6cd-ef0ba623ddfb" testId="52ef6d71-d4fd-48b1-e1f8-2305253cac10" testName="ShouldHandleLargeFilesFromReutersPrettyFast" computerName="MACHINE" duration="00:00:00.3049339" startTime="2010-10-07T23:14:51.2885339-04:00" endTime="2010-10-07T23:14:51.7835622-04:00" testType="13cdc9d9-ddb5-4fa4-a97d-d965ccfc6d4b" outcome="Passed" testListId="8c84fa94-04c1-424b-9868-57a2d4851a1d" relativeResultsDirectory="45a353bb-15c2-409d-a6cd-ef0ba623ddfb">
    </UnitTestResult>
  </Results>
</TestRun>