<?xml version="1.0" encoding="UTF-8"?>
<TestRun id="538a8f8a-1b16-4ce5-8d0c-44b022436cbb" name="tao@MACHINE 2010-10-07 23:16:57" runUser="machine\tao" xmlns="http://microsoft.com/schemas/VisualStudio/TeamTest/2010">
  <TestSettings name="Local" id="bf1adf85-08e7-4fff-81f7-4b72055c7bcf">
    <Description>These are default test settings for a local test run.</Description>
    <Deployment enabled="false" runDeploymentRoot="tao_MACHINE 2010-10-07 23_16_57">
      <DeploymentItem filename="C:\dev\concordia\spimi\SPIMI\Spimi\bin\Debug\Spimi.exe" />
      <DeploymentItem filename="C:\dev\concordia\spimi\SPIMI\SpimiTests\lib\Moq\Moq.dll" />
    </Deployment>
    <Execution>
      <TestTypeSpecific />
      <AgentRule name="Execution Agents">
      </AgentRule>
    </Execution>
  </TestSettings>
  <Times creation="2010-10-07T23:16:57.6129315-04:00" queuing="2010-10-07T23:16:57.6229315-04:00" start="2010-10-07T23:16:57.6629316-04:00" finish="2010-10-07T23:16:58.2229323-04:00" />
  <ResultSummary outcome="Failed">
    <Counters total="1" executed="1" error="0" failed="1" timeout="0" aborted="0" inconclusive="0" passedButRunAborted="0" notRunnable="0" notExecuted="0" disconnected="0" warning="0" passed="0" completed="0" inProgress="0" pending="0" />
  </ResultSummary>
  <TestDefinitions>
    <UnitTest name="ShouldHandleLargeFilesFromReutersPrettyFast" storage="c:\dev\concordia\spimi\spimi\spimitests\bin\debug\spimitests.dll" id="52ef6d71-d4fd-48b1-e1f8-2305253cac10">
      <Execution id="0bf05c82-3a00-4b3a-8d3f-3a61616966be" />
      <TestMethod codeBase="C:/dev/concordia/spimi/SPIMI/SpimiTests/bin/Debug/SpimiTests.DLL" adapterTypeName="Microsoft.VisualStudio.TestTools.TestTypes.Unit.UnitTestAdapter, Microsoft.VisualStudio.QualityTools.Tips.UnitTest.Adapter, Version=10.0.0.0, Culture=neutral, PublicKeyToken=b03f5f7f11d50a3a" className="Concordia.Spimi.Net.Tests.TokenizerTest, SpimiTests, Version=1.0.0.0, Culture=neutral, PublicKeyToken=153cbfdd2e3353e2" name="ShouldHandleLargeFilesFromReutersPrettyFast" />
    </UnitTest>
  </TestDefinitions>
  <TestLists>
    <TestList name="Results Not in a List" id="8c84fa94-04c1-424b-9868-57a2d4851a1d" />
    <TestList name="All Loaded Results" id="19431567-8539-422a-85d7-44ee4e166bda" />
  </TestLists>
  <TestEntries>
    <TestEntry testId="52ef6d71-d4fd-48b1-e1f8-2305253cac10" executionId="0bf05c82-3a00-4b3a-8d3f-3a61616966be" testListId="8c84fa94-04c1-424b-9868-57a2d4851a1d" />
  </TestEntries>
  <Results>
    <UnitTestResult executionId="0bf05c82-3a00-4b3a-8d3f-3a61616966be" testId="52ef6d71-d4fd-48b1-e1f8-2305253cac10" testName="ShouldHandleLargeFilesFromReutersPrettyFast" computerName="MACHINE" duration="00:00:00.3287066" startTime="2010-10-07T23:16:57.6829316-04:00" endTime="2010-10-07T23:16:58.2029323-04:00" testType="13cdc9d9-ddb5-4fa4-a97d-d965ccfc6d4b" outcome="Failed" testListId="8c84fa94-04c1-424b-9868-57a2d4851a1d" relativeResultsDirectory="0bf05c82-3a00-4b3a-8d3f-3a61616966be">
      <Output>
        <ErrorInfo>
          <Message>Assert.IsTrue failed. </Message>
          <StackTrace>   at Concordia.Spimi.Net.Tests.TokenizerTest.ShouldHandleLargeFilesFromReutersPrettyFast() in C:\dev\concordia\spimi\SPIMI\SpimiTests\TokenizerTest.cs:line 32
</StackTrace>
        </ErrorInfo>
      </Output>
    </UnitTestResult>
  </Results>
</TestRun>